*********************************************************************
* LD Score Regression (LDSC)
* Version 1.0.0
* (C) 2014-2015 Brendan Bulik-Sullivan and Hilary Finucane
* Broad Institute of MIT and Harvard / MIT Department of Mathematics
* GNU General Public License v3
*********************************************************************
Call: 
./munge_sumstats.py \
--out munged/HOOK_BMI \
--merge-alleles ../w_hm3.snplist \
--a1-inc  \
--sumstats SNP_gwas_mc_merge_nogc.tbl.uniq.gz 

Interpreting column names as follows:
A1:	Allele 1, interpreted as ref allele for signed sumstat.
p:	p-Value
A2:	Allele 2, interpreted as non-ref allele for signed sumstat.
SNP:	Variant ID (e.g., rs number)
N:	Sample size

Reading list of SNPs for allele merge from ../w_hm3.snplist
Read 1217311 SNPs for allele merge.
Reading sumstats from SNP_gwas_mc_merge_nogc.tbl.uniq.gz into memory 5000000 SNPs at a time.
Read 2554637 SNPs from --sumstats file.
Removed 1458658 SNPs not in --merge-alleles.
Removed 0 SNPs with missing values.
Removed 0 SNPs with INFO <= 0.9.
Removed 0 SNPs with MAF <= 0.01.
Removed 0 SNPs with out-of-bounds p-values.
Removed 7 variants that were not SNPs or were strand-ambiguous.
1095972 SNPs remain.
Removed 2 SNPs with duplicated rs numbers (1095970 SNPs remain).
Removed 33620 SNPs with N < 156002.666667 (1062350 SNPs remain).
Removed 37 SNPs whose alleles did not match --merge-alleles (1062313 SNPs remain).
Writing summary statistics for 1217311 SNPs (1062313 with nonmissing beta) to munged/HOOK_BMI.sumstats.gz.

Metadata:
Mean chi^2 = 1.258
Lambda GC = 1.072
Max chi^2 = 684.042
877 Genome-wide significant SNPs (some may have been removed by filtering).

Conversion finished at Thu Jul 12 18:06:49 2018
Total time elapsed: 30.74s
