*********************************************************************
* LD Score Regression (LDSC)
* Version 1.0.0
* (C) 2014-2015 Brendan Bulik-Sullivan and Hilary Finucane
* Broad Institute of MIT and Harvard / MIT Department of Mathematics
* GNU General Public License v3
*********************************************************************
Call: 
./munge_sumstats.py \
--out munged/HOOK_ADHD \
--merge-alleles ../w_hm3.snplist \
--a1-inc  \
--N-con 35191.0 \
--N-cas 20183.0 \
--sumstats adhd_jul2017.gz 

Interpreting column names as follows:
A1:	Allele 1, interpreted as ref allele for signed sumstat.
INFO:	INFO score (imputation quality; higher --> better imputation)
A2:	Allele 2, interpreted as non-ref allele for signed sumstat.
SNP:	Variant ID (e.g., rs number)
P:	p-Value

Reading list of SNPs for allele merge from ../w_hm3.snplist
Read 1217311 SNPs for allele merge.
Reading sumstats from adhd_jul2017.gz into memory 5000000 SNPs at a time.
Read 8047420 SNPs from --sumstats file.
Removed 6941580 SNPs not in --merge-alleles.
Removed 0 SNPs with missing values.
Removed 36027 SNPs with INFO <= 0.9.
Removed 0 SNPs with MAF <= 0.01.
Removed 0 SNPs with out-of-bounds p-values.
Removed 81 variants that were not SNPs or were strand-ambiguous.
1069732 SNPs remain.
Removed 0 SNPs with duplicated rs numbers (1069732 SNPs remain).
Removed 83 SNPs whose alleles did not match --merge-alleles (1069649 SNPs remain).
Writing summary statistics for 1217311 SNPs (1069649 with nonmissing beta) to munged/HOOK_ADHD.sumstats.gz.

Metadata:
Mean chi^2 = 1.298
Lambda GC = 1.249
Max chi^2 = 52.836
63 Genome-wide significant SNPs (some may have been removed by filtering).

Conversion finished at Thu Jul 12 18:03:15 2018
Total time elapsed: 1.0m:7.48s
