*********************************************************************
* LD Score Regression (LDSC)
* Version 1.0.0
* (C) 2014-2015 Brendan Bulik-Sullivan and Hilary Finucane
* Broad Institute of MIT and Harvard / MIT Department of Mathematics
* GNU General Public License v3
*********************************************************************
Call: 
./munge_sumstats.py \
--out munged/HOOK_ILAE_GGE_Epi \
--merge-alleles ../w_hm3.snplist \
--a1-inc  \
--sumstats ILAE_GGE_5.8.14.txt.gz 

Interpreting column names as follows:
Allele2:	Allele 2, interpreted as non-ref allele for signed sumstat.
MarkerName:	Variant ID (e.g., rs number)
Allele1:	Allele 1, interpreted as ref allele for signed sumstat.
P-value:	p-Value
Weight:	Sample size

Reading list of SNPs for allele merge from ../w_hm3.snplist
Read 1217311 SNPs for allele merge.
Reading sumstats from ILAE_GGE_5.8.14.txt.gz into memory 5000000 SNPs at a time.
Read 5685296 SNPs from --sumstats file.
Removed 4784966 SNPs not in --merge-alleles.
Removed 0 SNPs with missing values.
Removed 0 SNPs with INFO <= 0.9.
Removed 0 SNPs with MAF <= 0.01.
Removed 0 SNPs with out-of-bounds p-values.
Removed 0 variants that were not SNPs or were strand-ambiguous.
900330 SNPs remain.
Removed 0 SNPs with duplicated rs numbers (900330 SNPs remain).
Removed 94591 SNPs with N < 14396.0 (805739 SNPs remain).
Removed 0 SNPs whose alleles did not match --merge-alleles (805739 SNPs remain).
Writing summary statistics for 1217311 SNPs (805739 with nonmissing beta) to munged/HOOK_ILAE_GGE_Epi.sumstats.gz.

Metadata:
Mean chi^2 = 1.081
Lambda GC = 1.067
Max chi^2 = 31.789
5 Genome-wide significant SNPs (some may have been removed by filtering).

Conversion finished at Thu Jul 12 17:48:18 2018
Total time elapsed: 53.81s
