*********************************************************************
* LD Score Regression (LDSC)
* Version 1.0.0
* (C) 2014-2015 Brendan Bulik-Sullivan and Hilary Finucane
* Broad Institute of MIT and Harvard / MIT Department of Mathematics
* GNU General Public License v3
*********************************************************************
Call: 
./ldsc.py \
--h2-cts /home-3/phook2@jhu.edu/data/PWH/public_atac_data/atac-data/ldsc/sumstats/skene_sumstats/munged/HOOK_ILAE_GGE_Epi.sumstats.gz \
--ref-ld-chr ../1000G_EUR_Phase3_baseline/baseline. \
--out /home-3/phook2@jhu.edu/data/PWH/public_atac_data/atac-data/ldsc/cts/cts_out/new_HOOK_ILAE_GGE_Epi_Hook_ATAC \
--ref-ld-chr-cts /home-3/phook2@jhu.edu/data/PWH/public_atac_data/atac-data/ldsc/cts/Hook_ATAC.ldct \
--w-ld-chr ../1000G_Phase3_weights_hm3_no_MHC/weights.hm3_noMHC. 

Beginning analysis at Fri Jul 13 15:09:59 2018
Reading summary statistics from /home-3/phook2@jhu.edu/data/PWH/public_atac_data/atac-data/ldsc/sumstats/skene_sumstats/munged/HOOK_ILAE_GGE_Epi.sumstats.gz ...
Read summary statistics for 805739 SNPs.
Reading reference panel LD Score from ../1000G_EUR_Phase3_baseline/baseline.[1-22] ...
Read reference panel LD Scores for 1190321 SNPs.
Removing partitioned LD Scores with zero variance.
Reading regression weight LD Score from ../1000G_Phase3_weights_hm3_no_MHC/weights.hm3_noMHC.[1-22] ...
Read regression weight LD Scores for 1187349 SNPs.
After merging with reference panel LD, 797878 SNPs remain.
After merging with regression SNP LD, 795686 SNPs remain.
Removed 0 SNPs with chi^2 > 80 (795686 SNPs remain)
Results printed to /home-3/phook2@jhu.edu/data/PWH/public_atac_data/atac-data/ldsc/cts/cts_out/new_HOOK_ILAE_GGE_Epi_Hook_ATAC.regr.SNPs.txt
Reading cts reference panel LD Score from atac_cell_type/adult_microglia_merged_GSE79816_hg19.,Corces_ATAC_1000Gv3_ldscores/Roadmap.control.[1-22] ...
Performing regression.
Reading cts reference panel LD Score from atac_cell_type/astrocytes_merge_preissl_hg19.,Corces_ATAC_1000Gv3_ldscores/Roadmap.control.[1-22] ...
Performing regression.
Reading cts reference panel LD Score from atac_cell_type/blue-cone_ss-all_merge_GSE83312_hg19.,Corces_ATAC_1000Gv3_ldscores/Roadmap.control.[1-22] ...
Performing regression.
Reading cts reference panel LD Score from atac_cell_type/cort_excite_GSE63137_hg19.,Corces_ATAC_1000Gv3_ldscores/Roadmap.control.[1-22] ...
Performing regression.
Reading cts reference panel LD Score from atac_cell_type/cort_pv-gaba_GSE63137_hg19.,Corces_ATAC_1000Gv3_ldscores/Roadmap.control.[1-22] ...
Performing regression.
Reading cts reference panel LD Score from atac_cell_type/cort_vip-gaba_GSE63137_hg19.,Corces_ATAC_1000Gv3_ldscores/Roadmap.control.[1-22] ...
Performing regression.
Reading cts reference panel LD Score from atac_cell_type/cux2_excite_GSE87548_hg19.,Corces_ATAC_1000Gv3_ldscores/Roadmap.control.[1-22] ...
Performing regression.
Reading cts reference panel LD Score from atac_cell_type/ex1_preissl_hg19.,Corces_ATAC_1000Gv3_ldscores/Roadmap.control.[1-22] ...
Performing regression.
Reading cts reference panel LD Score from atac_cell_type/ex2_preissl_hg19.,Corces_ATAC_1000Gv3_ldscores/Roadmap.control.[1-22] ...
Performing regression.
Reading cts reference panel LD Score from atac_cell_type/ex3_preissl_hg19.,Corces_ATAC_1000Gv3_ldscores/Roadmap.control.[1-22] ...
Performing regression.
Reading cts reference panel LD Score from atac_cell_type/fb_da_mccallion_hg19.,Corces_ATAC_1000Gv3_ldscores/Roadmap.control.[1-22] ...
Performing regression.
Reading cts reference panel LD Score from atac_cell_type/gad2_inhib_GSE87548_hg19.,Corces_ATAC_1000Gv3_ldscores/Roadmap.control.[1-22] ...
Performing regression.
Reading cts reference panel LD Score from atac_cell_type/green-cone_GSE83312_hg19.,Corces_ATAC_1000Gv3_ldscores/Roadmap.control.[1-22] ...
Performing regression.
Reading cts reference panel LD Score from atac_cell_type/inhib1_preissl_hg19.,Corces_ATAC_1000Gv3_ldscores/Roadmap.control.[1-22] ...
Performing regression.
Reading cts reference panel LD Score from atac_cell_type/inhib2_preissl_hg19.,Corces_ATAC_1000Gv3_ldscores/Roadmap.control.[1-22] ...
Performing regression.
Reading cts reference panel LD Score from atac_cell_type/mb_da_mccallion_hg19.,Corces_ATAC_1000Gv3_ldscores/Roadmap.control.[1-22] ...
Performing regression.
Reading cts reference panel LD Score from atac_cell_type/microglia_preissl_hg19.,Corces_ATAC_1000Gv3_ldscores/Roadmap.control.[1-22] ...
Performing regression.
Reading cts reference panel LD Score from atac_cell_type/neun-neg_preissl_hg19.,Corces_ATAC_1000Gv3_ldscores/Roadmap.control.[1-22] ...
Performing regression.
Reading cts reference panel LD Score from atac_cell_type/ntsr1-6_excite_GSE87548_hg19.,Corces_ATAC_1000Gv3_ldscores/Roadmap.control.[1-22] ...
Performing regression.
Reading cts reference panel LD Score from atac_cell_type/oligo_preissl_hg19.,Corces_ATAC_1000Gv3_ldscores/Roadmap.control.[1-22] ...
Performing regression.
Reading cts reference panel LD Score from atac_cell_type/rbp4-5_excite_GSE87548_hg19.,Corces_ATAC_1000Gv3_ldscores/Roadmap.control.[1-22] ...
Performing regression.
Reading cts reference panel LD Score from atac_cell_type/rod_GSE83312_hg19.,Corces_ATAC_1000Gv3_ldscores/Roadmap.control.[1-22] ...
Performing regression.
Reading cts reference panel LD Score from atac_cell_type/scnn1a-4_excite_GSE87548_hg19.,Corces_ATAC_1000Gv3_ldscores/Roadmap.control.[1-22] ...
Performing regression.
Reading cts reference panel LD Score from atac_cell_type/cd4_merged_GSE107076_hg19.,Corces_ATAC_1000Gv3_ldscores/Roadmap.control.[1-22] ...
Performing regression.
Reading cts reference panel LD Score from atac_cell_type/cd8_merged_GSE107076_hg19.,Corces_ATAC_1000Gv3_ldscores/Roadmap.control.[1-22] ...
Performing regression.
Results printed to /home-3/phook2@jhu.edu/data/PWH/public_atac_data/atac-data/ldsc/cts/cts_out/new_HOOK_ILAE_GGE_Epi_Hook_ATAC.cell_type_results.txt
Analysis finished at Fri Jul 13 15:16:14 2018
Total time elapsed: 6.0m:14.25s
